<?xml version="1.0" encoding="UTF-8"?>
<!-- Generated by org.testng.reporters.JUnitXMLReporter -->
<testsuite hostname="ABHI-PC" ignored="0" name="Default test" tests="3" failures="0" timestamp="26 Mar 2020 15:30:59 GMT" time="91.32" errors="0">
  <testcase name="addContactTest" time="11.602" classname="com.crm.qa.testcases.HomePageTest"/>
  <testcase name="navigateToContactsPage" time="7.749" classname="com.crm.qa.testcases.HomePageTest"/>
  <testcase name="verifyUsernameTest" time="2.27" classname="com.crm.qa.testcases.HomePageTest"/>
</testsuite> <!-- Default test -->
