<?xml version="1.0" encoding="UTF-8"?>
<!-- Generated by org.testng.reporters.JUnitXMLReporter -->
<testsuite hostname="ABHI-PC" ignored="2" name="Free CRM App Test Cases(failed)" tests="3" failures="1" timestamp="24 Mar 2020 20:09:00 GMT" time="43.724" errors="0">
  <testcase name="loginTest" time="0.701" classname="com.crm.qa.testcases.LoginPageTest"/>
  <testcase name="verifyTitleTest" time="0.02" classname="com.crm.qa.testcases.LoginPageTest"/>
  <testcase name="verifyUsernameTest" time="1.972" classname="com.crm.qa.testcases.HomePageTest">
    <failure type="java.lang.AssertionError" message="Wrong Username displayed in home page expected [Abhijith KS] but found [Abhijith K]">
      <![CDATA[java.lang.AssertionError: Wrong Username displayed in home page expected [Abhijith KS] but found [Abhijith K]
at com.crm.qa.testcases.HomePageTest.verifyUsernameTest(HomePageTest.java:33)
... Removed 30 stack frames]]>
    </failure>
  </testcase> <!-- verifyUsernameTest -->
  <testcase name="addContactTest" time="0.0" classname="com.crm.qa.testcases.HomePageTest">
    <ignored/>
  </testcase> <!-- addContactTest -->
  <testcase name="navigateToContactsPage" time="0.0" classname="com.crm.qa.testcases.HomePageTest">
    <ignored/>
  </testcase> <!-- navigateToContactsPage -->
</testsuite> <!-- Free CRM App Test Cases(failed) -->
